<?xml version="1.0" encoding="UTF-8"?>
<!-- Generated by org.testng.reporters.JUnitXMLReporter -->
<testsuite hostname="NihaarJetty" ignored="0" name="OpenCart Tests" tests="4" failures="0" timestamp="2022-04-04T20:42:22 EDT" time="42.31" errors="0">
  <testcase name="test_LoginDDT" time="3.137" classname="testCases.TC_003_LoginDDT"/>
  <testcase name="test_LoginDDT" time="11.518" classname="testCases.TC_003_LoginDDT"/>
  <testcase name="test_LoginDDT" time="11.59" classname="testCases.TC_003_LoginDDT"/>
  <testcase name="test_LoginDDT" time="11.51" classname="testCases.TC_003_LoginDDT"/>
</testsuite> <!-- OpenCart Tests -->
